<?xml version="1.0" encoding="UTF-8"?>
<testsuite xmlns:xsi="http://www.w3.org/2001/XMLSchema-instance" xsi:noNamespaceSchemaLocation="https://maven.apache.org/surefire/maven-surefire-plugin/xsd/surefire-test-report-3.0.xsd" version="3.0" name="org.sfa.volunteer.controller.UserControllerDiffblueTest" time="1.352" tests="5" errors="0" skipped="0" failures="0">
  <properties>
    <property name="java.specification.version" value="17"/>
    <property name="sun.jnu.encoding" value="UTF-8"/>
    <property name="java.class.path" value="/Users/lupan/work/volunteer/Saayam/project/Saayam-volunteer/target/test-classes:/Users/lupan/work/volunteer/Saayam/project/Saayam-volunteer/target/classes:/Users/lupan/.m2/repository/org/springframework/boot/spring-boot-starter-data-jpa/3.1.2/spring-boot-starter-data-jpa-3.1.2.jar:/Users/lupan/.m2/repository/org/springframework/boot/spring-boot-starter-aop/3.1.2/spring-boot-starter-aop-3.1.2.jar:/Users/lupan/.m2/repository/org/springframework/spring-aop/6.0.11/spring-aop-6.0.11.jar:/Users/lupan/.m2/repository/org/aspectj/aspectjweaver/1.9.19/aspectjweaver-1.9.19.jar:/Users/lupan/.m2/repository/org/springframework/boot/spring-boot-starter-jdbc/3.1.2/spring-boot-starter-jdbc-3.1.2.jar:/Users/lupan/.m2/repository/com/zaxxer/HikariCP/5.0.1/HikariCP-5.0.1.jar:/Users/lupan/.m2/repository/org/springframework/spring-jdbc/6.0.11/spring-jdbc-6.0.11.jar:/Users/lupan/.m2/repository/org/hibernate/orm/hibernate-core/6.2.6.Final/hibernate-core-6.2.6.Final.jar:/Users/lupan/.m2/repository/jakarta/persistence/jakarta.persistence-api/3.1.0/jakarta.persistence-api-3.1.0.jar:/Users/lupan/.m2/repository/jakarta/transaction/jakarta.transaction-api/2.0.1/jakarta.transaction-api-2.0.1.jar:/Users/lupan/.m2/repository/org/jboss/logging/jboss-logging/3.5.3.Final/jboss-logging-3.5.3.Final.jar:/Users/lupan/.m2/repository/org/hibernate/common/hibernate-commons-annotations/6.0.6.Final/hibernate-commons-annotations-6.0.6.Final.jar:/Users/lupan/.m2/repository/io/smallrye/jandex/3.0.5/jandex-3.0.5.jar:/Users/lupan/.m2/repository/com/fasterxml/classmate/1.5.1/classmate-1.5.1.jar:/Users/lupan/.m2/repository/net/bytebuddy/byte-buddy/1.14.5/byte-buddy-1.14.5.jar:/Users/lupan/.m2/repository/org/glassfish/jaxb/jaxb-runtime/4.0.3/jaxb-runtime-4.0.3.jar:/Users/lupan/.m2/repository/org/glassfish/jaxb/jaxb-core/4.0.3/jaxb-core-4.0.3.jar:/Users/lupan/.m2/repository/org/eclipse/angus/angus-activation/2.0.1/angus-activation-2.0.1.jar:/Users/lupan/.m2/repository/org/glassfish/jaxb/txw2/4.0.3/txw2-4.0.3.jar:/Users/lupan/.m2/repository/com/sun/istack/istack-commons-runtime/4.1.2/istack-commons-runtime-4.1.2.jar:/Users/lupan/.m2/repository/jakarta/inject/jakarta.inject-api/2.0.1/jakarta.inject-api-2.0.1.jar:/Users/lupan/.m2/repository/org/antlr/antlr4-runtime/4.10.1/antlr4-runtime-4.10.1.jar:/Users/lupan/.m2/repository/org/springframework/data/spring-data-jpa/3.1.2/spring-data-jpa-3.1.2.jar:/Users/lupan/.m2/repository/org/springframework/data/spring-data-commons/3.1.2/spring-data-commons-3.1.2.jar:/Users/lupan/.m2/repository/org/springframework/spring-orm/6.0.11/spring-orm-6.0.11.jar:/Users/lupan/.m2/repository/org/springframework/spring-context/6.0.11/spring-context-6.0.11.jar:/Users/lupan/.m2/repository/org/springframework/spring-tx/6.0.11/spring-tx-6.0.11.jar:/Users/lupan/.m2/repository/org/springframework/spring-beans/6.0.11/spring-beans-6.0.11.jar:/Users/lupan/.m2/repository/jakarta/annotation/jakarta.annotation-api/2.1.1/jakarta.annotation-api-2.1.1.jar:/Users/lupan/.m2/repository/org/slf4j/slf4j-api/2.0.7/slf4j-api-2.0.7.jar:/Users/lupan/.m2/repository/org/springframework/spring-aspects/6.0.11/spring-aspects-6.0.11.jar:/Users/lupan/.m2/repository/org/springframework/boot/spring-boot-starter-web/3.1.2/spring-boot-starter-web-3.1.2.jar:/Users/lupan/.m2/repository/org/springframework/boot/spring-boot-starter/3.1.2/spring-boot-starter-3.1.2.jar:/Users/lupan/.m2/repository/org/springframework/boot/spring-boot/3.1.2/spring-boot-3.1.2.jar:/Users/lupan/.m2/repository/org/springframework/boot/spring-boot-autoconfigure/3.1.2/spring-boot-autoconfigure-3.1.2.jar:/Users/lupan/.m2/repository/org/springframework/boot/spring-boot-starter-logging/3.1.2/spring-boot-starter-logging-3.1.2.jar:/Users/lupan/.m2/repository/ch/qos/logback/logback-classic/1.4.8/logback-classic-1.4.8.jar:/Users/lupan/.m2/repository/ch/qos/logback/logback-core/1.4.8/logback-core-1.4.8.jar:/Users/lupan/.m2/repository/org/apache/logging/log4j/log4j-to-slf4j/2.20.0/log4j-to-slf4j-2.20.0.jar:/Users/lupan/.m2/repository/org/apache/logging/log4j/log4j-api/2.20.0/log4j-api-2.20.0.jar:/Users/lupan/.m2/repository/org/slf4j/jul-to-slf4j/2.0.7/jul-to-slf4j-2.0.7.jar:/Users/lupan/.m2/repository/org/yaml/snakeyaml/1.33/snakeyaml-1.33.jar:/Users/lupan/.m2/repository/org/springframework/boot/spring-boot-starter-json/3.1.2/spring-boot-starter-json-3.1.2.jar:/Users/lupan/.m2/repository/com/fasterxml/jackson/core/jackson-databind/2.15.2/jackson-databind-2.15.2.jar:/Users/lupan/.m2/repository/com/fasterxml/jackson/core/jackson-annotations/2.15.2/jackson-annotations-2.15.2.jar:/Users/lupan/.m2/repository/com/fasterxml/jackson/core/jackson-core/2.15.2/jackson-core-2.15.2.jar:/Users/lupan/.m2/repository/com/fasterxml/jackson/datatype/jackson-datatype-jdk8/2.15.2/jackson-datatype-jdk8-2.15.2.jar:/Users/lupan/.m2/repository/com/fasterxml/jackson/datatype/jackson-datatype-jsr310/2.15.2/jackson-datatype-jsr310-2.15.2.jar:/Users/lupan/.m2/repository/com/fasterxml/jackson/module/jackson-module-parameter-names/2.15.2/jackson-module-parameter-names-2.15.2.jar:/Users/lupan/.m2/repository/org/springframework/boot/spring-boot-starter-tomcat/3.1.2/spring-boot-starter-tomcat-3.1.2.jar:/Users/lupan/.m2/repository/org/apache/tomcat/embed/tomcat-embed-core/10.1.11/tomcat-embed-core-10.1.11.jar:/Users/lupan/.m2/repository/org/apache/tomcat/embed/tomcat-embed-el/10.1.11/tomcat-embed-el-10.1.11.jar:/Users/lupan/.m2/repository/org/apache/tomcat/embed/tomcat-embed-websocket/10.1.11/tomcat-embed-websocket-10.1.11.jar:/Users/lupan/.m2/repository/org/springframework/spring-web/6.0.11/spring-web-6.0.11.jar:/Users/lupan/.m2/repository/io/micrometer/micrometer-observation/1.11.2/micrometer-observation-1.11.2.jar:/Users/lupan/.m2/repository/io/micrometer/micrometer-commons/1.11.2/micrometer-commons-1.11.2.jar:/Users/lupan/.m2/repository/org/springframework/spring-webmvc/6.0.11/spring-webmvc-6.0.11.jar:/Users/lupan/.m2/repository/org/springframework/spring-expression/6.0.11/spring-expression-6.0.11.jar:/Users/lupan/.m2/repository/org/postgresql/postgresql/42.6.0/postgresql-42.6.0.jar:/Users/lupan/.m2/repository/org/projectlombok/lombok/1.18.28/lombok-1.18.28.jar:/Users/lupan/.m2/repository/org/springframework/boot/spring-boot-starter-test/3.1.2/spring-boot-starter-test-3.1.2.jar:/Users/lupan/.m2/repository/org/springframework/boot/spring-boot-test/3.1.2/spring-boot-test-3.1.2.jar:/Users/lupan/.m2/repository/org/springframework/boot/spring-boot-test-autoconfigure/3.1.2/spring-boot-test-autoconfigure-3.1.2.jar:/Users/lupan/.m2/repository/com/jayway/jsonpath/json-path/2.8.0/json-path-2.8.0.jar:/Users/lupan/.m2/repository/jakarta/xml/bind/jakarta.xml.bind-api/4.0.0/jakarta.xml.bind-api-4.0.0.jar:/Users/lupan/.m2/repository/jakarta/activation/jakarta.activation-api/2.1.2/jakarta.activation-api-2.1.2.jar:/Users/lupan/.m2/repository/net/minidev/json-smart/2.4.11/json-smart-2.4.11.jar:/Users/lupan/.m2/repository/net/minidev/accessors-smart/2.4.11/accessors-smart-2.4.11.jar:/Users/lupan/.m2/repository/org/ow2/asm/asm/9.3/asm-9.3.jar:/Users/lupan/.m2/repository/org/assertj/assertj-core/3.24.2/assertj-core-3.24.2.jar:/Users/lupan/.m2/repository/org/hamcrest/hamcrest/2.2/hamcrest-2.2.jar:/Users/lupan/.m2/repository/org/mockito/mockito-core/5.3.1/mockito-core-5.3.1.jar:/Users/lupan/.m2/repository/net/bytebuddy/byte-buddy-agent/1.14.5/byte-buddy-agent-1.14.5.jar:/Users/lupan/.m2/repository/org/objenesis/objenesis/3.3/objenesis-3.3.jar:/Users/lupan/.m2/repository/org/mockito/mockito-junit-jupiter/5.3.1/mockito-junit-jupiter-5.3.1.jar:/Users/lupan/.m2/repository/org/skyscreamer/jsonassert/1.5.1/jsonassert-1.5.1.jar:/Users/lupan/.m2/repository/com/vaadin/external/google/android-json/0.0.20131108.vaadin1/android-json-0.0.20131108.vaadin1.jar:/Users/lupan/.m2/repository/org/springframework/spring-core/6.0.11/spring-core-6.0.11.jar:/Users/lupan/.m2/repository/org/springframework/spring-jcl/6.0.11/spring-jcl-6.0.11.jar:/Users/lupan/.m2/repository/org/springframework/spring-test/6.0.11/spring-test-6.0.11.jar:/Users/lupan/.m2/repository/org/xmlunit/xmlunit-core/2.9.1/xmlunit-core-2.9.1.jar:/Users/lupan/.m2/repository/org/checkerframework/checker-qual/3.31.0/checker-qual-3.31.0.jar:/Users/lupan/.m2/repository/org/junit/jupiter/junit-jupiter/5.8.2/junit-jupiter-5.8.2.jar:/Users/lupan/.m2/repository/org/junit/jupiter/junit-jupiter-api/5.9.3/junit-jupiter-api-5.9.3.jar:/Users/lupan/.m2/repository/org/opentest4j/opentest4j/1.2.0/opentest4j-1.2.0.jar:/Users/lupan/.m2/repository/org/junit/platform/junit-platform-commons/1.9.3/junit-platform-commons-1.9.3.jar:/Users/lupan/.m2/repository/org/apiguardian/apiguardian-api/1.1.2/apiguardian-api-1.1.2.jar:/Users/lupan/.m2/repository/org/junit/jupiter/junit-jupiter-params/5.9.3/junit-jupiter-params-5.9.3.jar:/Users/lupan/.m2/repository/org/junit/jupiter/junit-jupiter-engine/5.9.3/junit-jupiter-engine-5.9.3.jar:/Users/lupan/.m2/repository/org/junit/platform/junit-platform-engine/1.9.3/junit-platform-engine-1.9.3.jar:"/>
    <property name="java.vm.vendor" value="Amazon.com Inc."/>
    <property name="sun.arch.data.model" value="64"/>
    <property name="catalina.useNaming" value="false"/>
    <property name="java.vendor.url" value="https://aws.amazon.com/corretto/"/>
    <property name="user.timezone" value="America/New_York"/>
    <property name="org.jboss.logging.provider" value="slf4j"/>
    <property name="os.name" value="Mac OS X"/>
    <property name="java.vm.specification.version" value="17"/>
    <property name="sun.java.launcher" value="SUN_STANDARD"/>
    <property name="user.country" value="US"/>
    <property name="sun.boot.library.path" value="/Users/lupan/.sdkman/candidates/java/17.0.9-amzn/lib"/>
    <property name="sun.java.command" value="/Users/lupan/work/volunteer/Saayam/project/Saayam-volunteer/target/surefire/surefirebooter-20240718222050031_3.jar /Users/lupan/work/volunteer/Saayam/project/Saayam-volunteer/target/surefire 2024-07-18T22-20-49_949-jvmRun1 surefire-20240718222050031_1tmp surefire_0-20240718222050031_2tmp"/>
    <property name="jdk.debug" value="release"/>
    <property name="surefire.test.class.path" value="/Users/lupan/work/volunteer/Saayam/project/Saayam-volunteer/target/test-classes:/Users/lupan/work/volunteer/Saayam/project/Saayam-volunteer/target/classes:/Users/lupan/.m2/repository/org/springframework/boot/spring-boot-starter-data-jpa/3.1.2/spring-boot-starter-data-jpa-3.1.2.jar:/Users/lupan/.m2/repository/org/springframework/boot/spring-boot-starter-aop/3.1.2/spring-boot-starter-aop-3.1.2.jar:/Users/lupan/.m2/repository/org/springframework/spring-aop/6.0.11/spring-aop-6.0.11.jar:/Users/lupan/.m2/repository/org/aspectj/aspectjweaver/1.9.19/aspectjweaver-1.9.19.jar:/Users/lupan/.m2/repository/org/springframework/boot/spring-boot-starter-jdbc/3.1.2/spring-boot-starter-jdbc-3.1.2.jar:/Users/lupan/.m2/repository/com/zaxxer/HikariCP/5.0.1/HikariCP-5.0.1.jar:/Users/lupan/.m2/repository/org/springframework/spring-jdbc/6.0.11/spring-jdbc-6.0.11.jar:/Users/lupan/.m2/repository/org/hibernate/orm/hibernate-core/6.2.6.Final/hibernate-core-6.2.6.Final.jar:/Users/lupan/.m2/repository/jakarta/persistence/jakarta.persistence-api/3.1.0/jakarta.persistence-api-3.1.0.jar:/Users/lupan/.m2/repository/jakarta/transaction/jakarta.transaction-api/2.0.1/jakarta.transaction-api-2.0.1.jar:/Users/lupan/.m2/repository/org/jboss/logging/jboss-logging/3.5.3.Final/jboss-logging-3.5.3.Final.jar:/Users/lupan/.m2/repository/org/hibernate/common/hibernate-commons-annotations/6.0.6.Final/hibernate-commons-annotations-6.0.6.Final.jar:/Users/lupan/.m2/repository/io/smallrye/jandex/3.0.5/jandex-3.0.5.jar:/Users/lupan/.m2/repository/com/fasterxml/classmate/1.5.1/classmate-1.5.1.jar:/Users/lupan/.m2/repository/net/bytebuddy/byte-buddy/1.14.5/byte-buddy-1.14.5.jar:/Users/lupan/.m2/repository/org/glassfish/jaxb/jaxb-runtime/4.0.3/jaxb-runtime-4.0.3.jar:/Users/lupan/.m2/repository/org/glassfish/jaxb/jaxb-core/4.0.3/jaxb-core-4.0.3.jar:/Users/lupan/.m2/repository/org/eclipse/angus/angus-activation/2.0.1/angus-activation-2.0.1.jar:/Users/lupan/.m2/repository/org/glassfish/jaxb/txw2/4.0.3/txw2-4.0.3.jar:/Users/lupan/.m2/repository/com/sun/istack/istack-commons-runtime/4.1.2/istack-commons-runtime-4.1.2.jar:/Users/lupan/.m2/repository/jakarta/inject/jakarta.inject-api/2.0.1/jakarta.inject-api-2.0.1.jar:/Users/lupan/.m2/repository/org/antlr/antlr4-runtime/4.10.1/antlr4-runtime-4.10.1.jar:/Users/lupan/.m2/repository/org/springframework/data/spring-data-jpa/3.1.2/spring-data-jpa-3.1.2.jar:/Users/lupan/.m2/repository/org/springframework/data/spring-data-commons/3.1.2/spring-data-commons-3.1.2.jar:/Users/lupan/.m2/repository/org/springframework/spring-orm/6.0.11/spring-orm-6.0.11.jar:/Users/lupan/.m2/repository/org/springframework/spring-context/6.0.11/spring-context-6.0.11.jar:/Users/lupan/.m2/repository/org/springframework/spring-tx/6.0.11/spring-tx-6.0.11.jar:/Users/lupan/.m2/repository/org/springframework/spring-beans/6.0.11/spring-beans-6.0.11.jar:/Users/lupan/.m2/repository/jakarta/annotation/jakarta.annotation-api/2.1.1/jakarta.annotation-api-2.1.1.jar:/Users/lupan/.m2/repository/org/slf4j/slf4j-api/2.0.7/slf4j-api-2.0.7.jar:/Users/lupan/.m2/repository/org/springframework/spring-aspects/6.0.11/spring-aspects-6.0.11.jar:/Users/lupan/.m2/repository/org/springframework/boot/spring-boot-starter-web/3.1.2/spring-boot-starter-web-3.1.2.jar:/Users/lupan/.m2/repository/org/springframework/boot/spring-boot-starter/3.1.2/spring-boot-starter-3.1.2.jar:/Users/lupan/.m2/repository/org/springframework/boot/spring-boot/3.1.2/spring-boot-3.1.2.jar:/Users/lupan/.m2/repository/org/springframework/boot/spring-boot-autoconfigure/3.1.2/spring-boot-autoconfigure-3.1.2.jar:/Users/lupan/.m2/repository/org/springframework/boot/spring-boot-starter-logging/3.1.2/spring-boot-starter-logging-3.1.2.jar:/Users/lupan/.m2/repository/ch/qos/logback/logback-classic/1.4.8/logback-classic-1.4.8.jar:/Users/lupan/.m2/repository/ch/qos/logback/logback-core/1.4.8/logback-core-1.4.8.jar:/Users/lupan/.m2/repository/org/apache/logging/log4j/log4j-to-slf4j/2.20.0/log4j-to-slf4j-2.20.0.jar:/Users/lupan/.m2/repository/org/apache/logging/log4j/log4j-api/2.20.0/log4j-api-2.20.0.jar:/Users/lupan/.m2/repository/org/slf4j/jul-to-slf4j/2.0.7/jul-to-slf4j-2.0.7.jar:/Users/lupan/.m2/repository/org/yaml/snakeyaml/1.33/snakeyaml-1.33.jar:/Users/lupan/.m2/repository/org/springframework/boot/spring-boot-starter-json/3.1.2/spring-boot-starter-json-3.1.2.jar:/Users/lupan/.m2/repository/com/fasterxml/jackson/core/jackson-databind/2.15.2/jackson-databind-2.15.2.jar:/Users/lupan/.m2/repository/com/fasterxml/jackson/core/jackson-annotations/2.15.2/jackson-annotations-2.15.2.jar:/Users/lupan/.m2/repository/com/fasterxml/jackson/core/jackson-core/2.15.2/jackson-core-2.15.2.jar:/Users/lupan/.m2/repository/com/fasterxml/jackson/datatype/jackson-datatype-jdk8/2.15.2/jackson-datatype-jdk8-2.15.2.jar:/Users/lupan/.m2/repository/com/fasterxml/jackson/datatype/jackson-datatype-jsr310/2.15.2/jackson-datatype-jsr310-2.15.2.jar:/Users/lupan/.m2/repository/com/fasterxml/jackson/module/jackson-module-parameter-names/2.15.2/jackson-module-parameter-names-2.15.2.jar:/Users/lupan/.m2/repository/org/springframework/boot/spring-boot-starter-tomcat/3.1.2/spring-boot-starter-tomcat-3.1.2.jar:/Users/lupan/.m2/repository/org/apache/tomcat/embed/tomcat-embed-core/10.1.11/tomcat-embed-core-10.1.11.jar:/Users/lupan/.m2/repository/org/apache/tomcat/embed/tomcat-embed-el/10.1.11/tomcat-embed-el-10.1.11.jar:/Users/lupan/.m2/repository/org/apache/tomcat/embed/tomcat-embed-websocket/10.1.11/tomcat-embed-websocket-10.1.11.jar:/Users/lupan/.m2/repository/org/springframework/spring-web/6.0.11/spring-web-6.0.11.jar:/Users/lupan/.m2/repository/io/micrometer/micrometer-observation/1.11.2/micrometer-observation-1.11.2.jar:/Users/lupan/.m2/repository/io/micrometer/micrometer-commons/1.11.2/micrometer-commons-1.11.2.jar:/Users/lupan/.m2/repository/org/springframework/spring-webmvc/6.0.11/spring-webmvc-6.0.11.jar:/Users/lupan/.m2/repository/org/springframework/spring-expression/6.0.11/spring-expression-6.0.11.jar:/Users/lupan/.m2/repository/org/postgresql/postgresql/42.6.0/postgresql-42.6.0.jar:/Users/lupan/.m2/repository/org/projectlombok/lombok/1.18.28/lombok-1.18.28.jar:/Users/lupan/.m2/repository/org/springframework/boot/spring-boot-starter-test/3.1.2/spring-boot-starter-test-3.1.2.jar:/Users/lupan/.m2/repository/org/springframework/boot/spring-boot-test/3.1.2/spring-boot-test-3.1.2.jar:/Users/lupan/.m2/repository/org/springframework/boot/spring-boot-test-autoconfigure/3.1.2/spring-boot-test-autoconfigure-3.1.2.jar:/Users/lupan/.m2/repository/com/jayway/jsonpath/json-path/2.8.0/json-path-2.8.0.jar:/Users/lupan/.m2/repository/jakarta/xml/bind/jakarta.xml.bind-api/4.0.0/jakarta.xml.bind-api-4.0.0.jar:/Users/lupan/.m2/repository/jakarta/activation/jakarta.activation-api/2.1.2/jakarta.activation-api-2.1.2.jar:/Users/lupan/.m2/repository/net/minidev/json-smart/2.4.11/json-smart-2.4.11.jar:/Users/lupan/.m2/repository/net/minidev/accessors-smart/2.4.11/accessors-smart-2.4.11.jar:/Users/lupan/.m2/repository/org/ow2/asm/asm/9.3/asm-9.3.jar:/Users/lupan/.m2/repository/org/assertj/assertj-core/3.24.2/assertj-core-3.24.2.jar:/Users/lupan/.m2/repository/org/hamcrest/hamcrest/2.2/hamcrest-2.2.jar:/Users/lupan/.m2/repository/org/mockito/mockito-core/5.3.1/mockito-core-5.3.1.jar:/Users/lupan/.m2/repository/net/bytebuddy/byte-buddy-agent/1.14.5/byte-buddy-agent-1.14.5.jar:/Users/lupan/.m2/repository/org/objenesis/objenesis/3.3/objenesis-3.3.jar:/Users/lupan/.m2/repository/org/mockito/mockito-junit-jupiter/5.3.1/mockito-junit-jupiter-5.3.1.jar:/Users/lupan/.m2/repository/org/skyscreamer/jsonassert/1.5.1/jsonassert-1.5.1.jar:/Users/lupan/.m2/repository/com/vaadin/external/google/android-json/0.0.20131108.vaadin1/android-json-0.0.20131108.vaadin1.jar:/Users/lupan/.m2/repository/org/springframework/spring-core/6.0.11/spring-core-6.0.11.jar:/Users/lupan/.m2/repository/org/springframework/spring-jcl/6.0.11/spring-jcl-6.0.11.jar:/Users/lupan/.m2/repository/org/springframework/spring-test/6.0.11/spring-test-6.0.11.jar:/Users/lupan/.m2/repository/org/xmlunit/xmlunit-core/2.9.1/xmlunit-core-2.9.1.jar:/Users/lupan/.m2/repository/org/checkerframework/checker-qual/3.31.0/checker-qual-3.31.0.jar:/Users/lupan/.m2/repository/org/junit/jupiter/junit-jupiter/5.8.2/junit-jupiter-5.8.2.jar:/Users/lupan/.m2/repository/org/junit/jupiter/junit-jupiter-api/5.9.3/junit-jupiter-api-5.9.3.jar:/Users/lupan/.m2/repository/org/opentest4j/opentest4j/1.2.0/opentest4j-1.2.0.jar:/Users/lupan/.m2/repository/org/junit/platform/junit-platform-commons/1.9.3/junit-platform-commons-1.9.3.jar:/Users/lupan/.m2/repository/org/apiguardian/apiguardian-api/1.1.2/apiguardian-api-1.1.2.jar:/Users/lupan/.m2/repository/org/junit/jupiter/junit-jupiter-params/5.9.3/junit-jupiter-params-5.9.3.jar:/Users/lupan/.m2/repository/org/junit/jupiter/junit-jupiter-engine/5.9.3/junit-jupiter-engine-5.9.3.jar:/Users/lupan/.m2/repository/org/junit/platform/junit-platform-engine/1.9.3/junit-platform-engine-1.9.3.jar:"/>
    <property name="sun.cpu.endian" value="little"/>
    <property name="user.home" value="/Users/lupan"/>
    <property name="user.language" value="en"/>
    <property name="java.specification.vendor" value="Oracle Corporation"/>
    <property name="java.version.date" value="2023-10-17"/>
    <property name="java.home" value="/Users/lupan/.sdkman/candidates/java/17.0.9-amzn"/>
    <property name="file.separator" value="/"/>
    <property name="basedir" value="/Users/lupan/work/volunteer/Saayam/project/Saayam-volunteer"/>
    <property name="java.vm.compressedOopsMode" value="Zero based"/>
    <property name="line.separator" value="&#10;"/>
    <property name="java.vm.specification.vendor" value="Oracle Corporation"/>
    <property name="java.specification.name" value="Java Platform API Specification"/>
    <property name="FILE_LOG_CHARSET" value="UTF-8"/>
    <property name="java.awt.headless" value="true"/>
    <property name="surefire.real.class.path" value="/Users/lupan/work/volunteer/Saayam/project/Saayam-volunteer/target/surefire/surefirebooter-20240718222050031_3.jar"/>
    <property name="sun.management.compiler" value="HotSpot 64-Bit Tiered Compilers"/>
    <property name="java.runtime.version" value="17.0.9+8-LTS"/>
    <property name="user.name" value="lupan"/>
    <property name="path.separator" value=":"/>
    <property name="os.version" value="12.7.5"/>
    <property name="java.runtime.name" value="OpenJDK Runtime Environment"/>
    <property name="file.encoding" value="UTF-8"/>
    <property name="java.vm.name" value="OpenJDK 64-Bit Server VM"/>
    <property name="java.vendor.version" value="Corretto-17.0.9.8.1"/>
    <property name="localRepository" value="/Users/lupan/.m2/repository"/>
    <property name="java.vendor.url.bug" value="https://github.com/corretto/corretto-17/issues/"/>
    <property name="java.io.tmpdir" value="/var/folders/zt/_3jn5c113sd1nwlj11hp1bq80000gn/T/"/>
    <property name="com.zaxxer.hikari.pool_number" value="2"/>
    <property name="catalina.home" value="/private/var/folders/zt/_3jn5c113sd1nwlj11hp1bq80000gn/T/tomcat.8080.12769407639578618889"/>
    <property name="java.version" value="17.0.9"/>
    <property name="user.dir" value="/Users/lupan/work/volunteer/Saayam/project/Saayam-volunteer"/>
    <property name="os.arch" value="x86_64"/>
    <property name="java.vm.specification.name" value="Java Virtual Machine Specification"/>
    <property name="PID" value="11291"/>
    <property name="CONSOLE_LOG_CHARSET" value="UTF-8"/>
    <property name="catalina.base" value="/private/var/folders/zt/_3jn5c113sd1nwlj11hp1bq80000gn/T/tomcat.8080.12769407639578618889"/>
    <property name="native.encoding" value="UTF-8"/>
    <property name="java.library.path" value="/Users/lupan/Library/Java/Extensions:/Library/Java/Extensions:/Network/Library/Java/Extensions:/System/Library/Java/Extensions:/usr/lib/java:."/>
    <property name="java.vm.info" value="mixed mode, sharing"/>
    <property name="java.vendor" value="Amazon.com Inc."/>
    <property name="java.vm.version" value="17.0.9+8-LTS"/>
    <property name="sun.io.unicode.encoding" value="UnicodeBig"/>
    <property name="java.class.version" value="61.0"/>
  </properties>
  <testcase name="testSaveUser" classname="org.sfa.volunteer.controller.UserControllerDiffblueTest" time="0.933">
    <system-out><![CDATA[2024-07-18T22:21:01.337-04:00  INFO 11291 --- [           main] o.s.mock.web.MockServletContext          : Initializing Spring TestDispatcherServlet ''
2024-07-18T22:21:01.337-04:00  INFO 11291 --- [           main] o.s.t.web.servlet.TestDispatcherServlet  : Initializing Servlet ''
2024-07-18T22:21:01.338-04:00  INFO 11291 --- [           main] o.s.t.web.servlet.TestDispatcherServlet  : Completed initialization in 0 ms
]]></system-out>
  </testcase>
  <testcase name="testGetAllUsers" classname="org.sfa.volunteer.controller.UserControllerDiffblueTest" time="0.017">
    <system-out><![CDATA[2024-07-18T22:21:01.799-04:00  INFO 11291 --- [           main] o.s.mock.web.MockServletContext          : Initializing Spring TestDispatcherServlet ''
2024-07-18T22:21:01.799-04:00  INFO 11291 --- [           main] o.s.t.web.servlet.TestDispatcherServlet  : Initializing Servlet ''
2024-07-18T22:21:01.800-04:00  INFO 11291 --- [           main] o.s.t.web.servlet.TestDispatcherServlet  : Completed initialization in 0 ms
]]></system-out>
  </testcase>
  <testcase name="testUpdateUser" classname="org.sfa.volunteer.controller.UserControllerDiffblueTest" time="0.032">
    <system-out><![CDATA[2024-07-18T22:21:01.823-04:00  INFO 11291 --- [           main] o.s.mock.web.MockServletContext          : Initializing Spring TestDispatcherServlet ''
2024-07-18T22:21:01.823-04:00  INFO 11291 --- [           main] o.s.t.web.servlet.TestDispatcherServlet  : Initializing Servlet ''
2024-07-18T22:21:01.824-04:00  INFO 11291 --- [           main] o.s.t.web.servlet.TestDispatcherServlet  : Completed initialization in 0 ms
]]></system-out>
  </testcase>
  <testcase name="testGetUser" classname="org.sfa.volunteer.controller.UserControllerDiffblueTest" time="0.036">
    <system-out><![CDATA[2024-07-18T22:21:01.853-04:00  INFO 11291 --- [           main] o.s.mock.web.MockServletContext          : Initializing Spring TestDispatcherServlet ''
2024-07-18T22:21:01.853-04:00  INFO 11291 --- [           main] o.s.t.web.servlet.TestDispatcherServlet  : Initializing Servlet ''
2024-07-18T22:21:01.854-04:00  INFO 11291 --- [           main] o.s.t.web.servlet.TestDispatcherServlet  : Completed initialization in 0 ms
]]></system-out>
  </testcase>
  <testcase name="testDeleteUser" classname="org.sfa.volunteer.controller.UserControllerDiffblueTest" time="0.032">
    <system-out><![CDATA[2024-07-18T22:21:01.902-04:00  INFO 11291 --- [           main] o.s.mock.web.MockServletContext          : Initializing Spring TestDispatcherServlet ''
2024-07-18T22:21:01.903-04:00  INFO 11291 --- [           main] o.s.t.web.servlet.TestDispatcherServlet  : Initializing Servlet ''
2024-07-18T22:21:01.903-04:00  INFO 11291 --- [           main] o.s.t.web.servlet.TestDispatcherServlet  : Completed initialization in 0 ms
]]></system-out>
  </testcase>
</testsuite>